This is pdfTeX, Version 3.1415926-2.5-1.40.14 (MiKTeX 2.9 64-bit) (preloaded format=pdflatex 2015.2.2)  9 APR 2015 19:33
entering extended mode
**dissertation.tex
(C:\Users\ww3ref\Desktop\dics\dissertation\ResearchTemplate\dissertation.tex
LaTeX2e <2011/06/27>
Babel <v3.8m> and hyphenation patterns for english, afrikaans, ancientgreek, ar
abic, armenian, assamese, basque, bengali, bokmal, bulgarian, catalan, coptic, 
croatian, czech, danish, dutch, esperanto, estonian, farsi, finnish, french, ga
lician, german, german-x-2013-05-26, greek, gujarati, hindi, hungarian, iceland
ic, indonesian, interlingua, irish, italian, kannada, kurmanji, latin, latvian,
 lithuanian, malayalam, marathi, mongolian, mongolianlmc, monogreek, ngerman, n
german-x-2013-05-26, nynorsk, oriya, panjabi, pinyin, polish, portuguese, roman
ian, russian, sanskrit, serbian, slovak, slovenian, spanish, swedish, swissgerm
an, tamil, telugu, turkish, turkmen, ukenglish, ukrainian, uppersorbian, usengl
ishmax, welsh, loaded.
("C:\Program Files\tex\tex\latex\base\report.cls"
Document Class: report 2007/10/19 v1.4h Standard LaTeX document class
("C:\Program Files\tex\tex\latex\base\size11.clo"
File: size11.clo 2007/10/19 v1.4h Standard LaTeX file (size option)
)
\c@part=\count79
\c@chapter=\count80
\c@section=\count81
\c@subsection=\count82
\c@subsubsection=\count83
\c@paragraph=\count84
\c@subparagraph=\count85
\c@figure=\count86
\c@table=\count87
\abovecaptionskip=\skip41
\belowcaptionskip=\skip42
\bibindent=\dimen102
)
(C:\Users\ww3ref\Desktop\dics\dissertation\ResearchTemplate\mmp.sty
Package: mmp 

("C:\Program Files\tex\tex\latex\graphics\graphicx.sty"
Package: graphicx 1999/02/16 v1.0f Enhanced LaTeX Graphics (DPC,SPQR)

("C:\Program Files\tex\tex\latex\graphics\keyval.sty"
Package: keyval 1999/03/16 v1.13 key=value parser (DPC)
\KV@toks@=\toks14
)
("C:\Program Files\tex\tex\latex\graphics\graphics.sty"
Package: graphics 2009/02/05 v1.0o Standard LaTeX Graphics (DPC,SPQR)

("C:\Program Files\tex\tex\latex\graphics\trig.sty"
Package: trig 1999/03/16 v1.09 sin cos tan (DPC)
)
("C:\Program Files\tex\tex\latex\00miktex\graphics.cfg"
File: graphics.cfg 2007/01/18 v1.5 graphics configuration of teTeX/TeXLive
)
Package graphics Info: Driver file: pdftex.def on input line 91.

("C:\Program Files\tex\tex\latex\pdftex-def\pdftex.def"
File: pdftex.def 2011/05/27 v0.06d Graphics/color for pdfTeX

("C:\Program Files\tex\tex\generic\oberdiek\infwarerr.sty"
Package: infwarerr 2010/04/08 v1.3 Providing info/warning/error messages (HO)
)
("C:\Program Files\tex\tex\generic\oberdiek\ltxcmds.sty"
Package: ltxcmds 2011/11/09 v1.22 LaTeX kernel commands for general use (HO)
)
\Gread@gobject=\count88
))
\Gin@req@height=\dimen103
\Gin@req@width=\dimen104
)
("C:\Program Files\tex\tex\latex\psnfss\palatino.sty"
Package: palatino 2005/04/12 PSNFSS-v9.2a (SPQR) 
)
("C:\Program Files\tex\tex\latex\carlisle\plain.sty"
Package: plain 1996/04/22 Plain TeX emulation (DPC)
\tabs@latex=\box26
\tabsyet@latex=\box27
\tabsdone@latex=\box28
)
("C:\Program Files\tex\tex\latex\amsmath\amsmath.sty"
Package: amsmath 2013/01/14 v2.14 AMS math features
\@mathmargin=\skip43

For additional information on amsmath, use the `?' option.
("C:\Program Files\tex\tex\latex\amsmath\amstext.sty"
Package: amstext 2000/06/29 v2.01

("C:\Program Files\tex\tex\latex\amsmath\amsgen.sty"
File: amsgen.sty 1999/11/30 v2.0
\@emptytoks=\toks15
\ex@=\dimen105
))
("C:\Program Files\tex\tex\latex\amsmath\amsbsy.sty"
Package: amsbsy 1999/11/29 v1.2d
\pmbraise@=\dimen106
)
("C:\Program Files\tex\tex\latex\amsmath\amsopn.sty"
Package: amsopn 1999/12/14 v2.01 operator names
)
\inf@bad=\count89
LaTeX Info: Redefining \frac on input line 210.
\uproot@=\count90
\leftroot@=\count91
LaTeX Info: Redefining \overline on input line 306.
\classnum@=\count92
\DOTSCASE@=\count93
LaTeX Info: Redefining \ldots on input line 378.
LaTeX Info: Redefining \dots on input line 381.
LaTeX Info: Redefining \cdots on input line 466.
\Mathstrutbox@=\box29
\strutbox@=\box30
\big@size=\dimen107
LaTeX Font Info:    Redeclaring font encoding OML on input line 566.
LaTeX Font Info:    Redeclaring font encoding OMS on input line 567.
\macc@depth=\count94
\c@MaxMatrixCols=\count95
\dotsspace@=\muskip10
\c@parentequation=\count96
\dspbrk@lvl=\count97
\tag@help=\toks16
\row@=\count98
\column@=\count99
\maxfields@=\count100
\andhelp@=\toks17
\eqnshift@=\dimen108
\alignsep@=\dimen109
\tagshift@=\dimen110
\tagwidth@=\dimen111
\totwidth@=\dimen112
\lineht@=\dimen113
\@envbody=\toks18
\multlinegap=\skip44
\multlinetaggap=\skip45
\mathdisplay@stack=\toks19
LaTeX Info: Redefining \[ on input line 2665.
LaTeX Info: Redefining \] on input line 2666.
)
("C:\Program Files\tex\tex\latex\amsfonts\amsfonts.sty"
Package: amsfonts 2013/01/14 v3.01 Basic AMSFonts support
\symAMSa=\mathgroup4
\symAMSb=\mathgroup5
LaTeX Font Info:    Overwriting math alphabet `\mathfrak' in version `bold'
(Font)                  U/euf/m/n --> U/euf/b/n on input line 106.
)
("C:\Program Files\tex\tex\latex\amsfonts\amssymb.sty"
Package: amssymb 2013/01/14 v3.01 AMS font symbols
)
("C:\Program Files\tex\tex\latex\subfigure\subfigure.sty"
Package: subfigure 2002/07/30 v2.1.4 subfigure package
\subfigtopskip=\skip46
\subfigcapskip=\skip47
\subfigcaptopadj=\dimen114
\subfigbottomskip=\skip48
\subfigcapmargin=\dimen115
\subfiglabelskip=\skip49
\c@subfigure=\count101
\c@lofdepth=\count102
\c@subtable=\count103
\c@lotdepth=\count104

****************************************
* Local config file subfigure.cfg used *
****************************************
("C:\Program Files\tex\tex\latex\subfigure\subfigure.cfg")
\subfig@top=\skip50
\subfig@bottom=\skip51
)
("C:\Program Files\tex\tex\latex\float\float.sty"
Package: float 2001/11/08 v1.3d Float enhancements (AL)
\c@float@type=\count105
\float@exts=\toks20
\float@box=\box31
\@float@everytoks=\toks21
\@floatcapt=\box32
)
("C:\Program Files\tex\tex\latex\psnfss\times.sty"
Package: times 2005/04/12 PSNFSS-v9.2a (SPQR) 
)
("C:\Program Files\tex\tex\latex\fancyhdr\fancyhdr.sty"
\fancy@headwidth=\skip52
\f@ncyO@elh=\skip53
\f@ncyO@erh=\skip54
\f@ncyO@olh=\skip55
\f@ncyO@orh=\skip56
\f@ncyO@elf=\skip57
\f@ncyO@erf=\skip58
\f@ncyO@olf=\skip59
\f@ncyO@orf=\skip60
)
("C:\Program Files\tex\tex\latex\lastpage\lastpage.sty"
Package: lastpage 2013/01/28 v1.2l Refers to last page's name (HMM; JPG)
)
("C:\Program Files\tex\tex\latex\url\url.sty"
\Urlmuskip=\muskip11
Package: url 2013/09/16  ver 3.4  Verb mode for urls, etc.
))
("C:\Program Files\tex\tex\latex\cite\cite.sty"
LaTeX Info: Redefining \cite on input line 302.
LaTeX Info: Redefining \nocite on input line 332.
Package: cite 2015/02/27  v 5.5
)
(C:\Users\ww3ref\Desktop\dics\dissertation\ResearchTemplate\dissertation.aux
(C:\Users\ww3ref\Desktop\dics\dissertation\ResearchTemplate\cover.aux)
(C:\Users\ww3ref\Desktop\dics\dissertation\ResearchTemplate\declaration.aux)
(C:\Users\ww3ref\Desktop\dics\dissertation\ResearchTemplate\acknowledgements.au
x) (C:\Users\ww3ref\Desktop\dics\dissertation\ResearchTemplate\abstract.aux)
(C:\Users\ww3ref\Desktop\dics\dissertation\ResearchTemplate\Chapter1/chapter1.a
ux)
(C:\Users\ww3ref\Desktop\dics\dissertation\ResearchTemplate\Chapter2/chapter2.a
ux)
(C:\Users\ww3ref\Desktop\dics\dissertation\ResearchTemplate\Chapter3/chapter3.a
ux)
(C:\Users\ww3ref\Desktop\dics\dissertation\ResearchTemplate\Chapter4/chapter4.a
ux)
(C:\Users\ww3ref\Desktop\dics\dissertation\ResearchTemplate\Appendix1/appendix1
.aux)
(C:\Users\ww3ref\Desktop\dics\dissertation\ResearchTemplate\Appendix2/appendix2
.aux))
LaTeX Font Info:    Checking defaults for OML/cmm/m/it on input line 34.
LaTeX Font Info:    ... okay on input line 34.
LaTeX Font Info:    Checking defaults for T1/cmr/m/n on input line 34.
LaTeX Font Info:    ... okay on input line 34.
LaTeX Font Info:    Checking defaults for OT1/cmr/m/n on input line 34.
LaTeX Font Info:    ... okay on input line 34.
LaTeX Font Info:    Checking defaults for OMS/cmsy/m/n on input line 34.
LaTeX Font Info:    ... okay on input line 34.
LaTeX Font Info:    Checking defaults for OMX/cmex/m/n on input line 34.
LaTeX Font Info:    ... okay on input line 34.
LaTeX Font Info:    Checking defaults for U/cmr/m/n on input line 34.
LaTeX Font Info:    ... okay on input line 34.
LaTeX Font Info:    Try loading font information for OT1+ptm on input line 34.
 ("C:\Program Files\tex\tex\latex\psnfss\ot1ptm.fd"
File: ot1ptm.fd 2001/06/04 font definitions for OT1/ptm.
)
("C:\Program Files\tex\tex\context\base\supp-pdf.mkii"
[Loading MPS to PDF converter (version 2006.09.02).]
\scratchcounter=\count106
\scratchdimen=\dimen116
\scratchbox=\box33
\nofMPsegments=\count107
\nofMParguments=\count108
\everyMPshowfont=\toks22
\MPscratchCnt=\count109
\MPscratchDim=\dimen117
\MPnumerator=\count110
\makeMPintoPDFobject=\count111
\everyMPtoPDFconversion=\toks23
)
Package lastpage Info: Please have a look at the pageslts package at
(lastpage)             http://www.ctan.org/tex-archive/ 
(lastpage)             macros/latex/contrib/pageslts/ 
(lastpage)             or
(lastpage)             http://www.ctan.org/tex-archive/ 
(lastpage)             install/macros/latex/contrib/pageslts.tds.zip
(lastpage)             ! on input line 34.
 (C:\Users\ww3ref\Desktop\dics\dissertation\ResearchTemplate\cover.tex
LaTeX Font Info:    Font shape `OT1/ptm/bx/n' in size <14.4> not available
(Font)              Font shape `OT1/ptm/b/n' tried instead on input line 28.
LaTeX Font Info:    Try loading font information for U+msa on input line 28.

("C:\Program Files\tex\tex\latex\amsfonts\umsa.fd"
File: umsa.fd 2013/01/14 v3.01 AMS symbols A
)
LaTeX Font Info:    Try loading font information for U+msb on input line 28.

("C:\Program Files\tex\tex\latex\amsfonts\umsb.fd"
File: umsb.fd 2013/01/14 v3.01 AMS symbols B
) [0


{C:/Users/ww3ref/AppData/Local/MiKTeX/2.9/pdftex/config/pdftex.map}])
(C:\Users\ww3ref\Desktop\dics\dissertation\ResearchTemplate\declaration.tex
LaTeX Font Info:    Font shape `OT1/ptm/bx/n' in size <17.28> not available
(Font)              Font shape `OT1/ptm/b/n' tried instead on input line 7.

Underfull \hbox (badness 10000) in paragraph at lines 30--31

 []


Underfull \hbox (badness 10000) in paragraph at lines 33--34

 []


Underfull \hbox (badness 10000) in paragraph at lines 53--54

 []


Underfull \hbox (badness 10000) in paragraph at lines 56--57

 []

) [1


]
(C:\Users\ww3ref\Desktop\dics\dissertation\ResearchTemplate\acknowledgements.te
x) [2


] (C:\Users\ww3ref\Desktop\dics\dissertation\ResearchTemplate\abstract.tex) [3


]
(C:\Users\ww3ref\Desktop\dics\dissertation\ResearchTemplate\dissertation.toc
LaTeX Font Info:    Font shape `OT1/ptm/bx/n' in size <10.95> not available
(Font)              Font shape `OT1/ptm/b/n' tried instead on input line 1.
)
\tf@toc=\write3

[1

]
(C:\Users\ww3ref\Desktop\dics\dissertation\ResearchTemplate\dissertation.lof)
\tf@lof=\write4

[2]
(C:\Users\ww3ref\Desktop\dics\dissertation\ResearchTemplate\dissertation.lot)
\tf@lot=\write5

[3]
(C:\Users\ww3ref\Desktop\dics\dissertation\ResearchTemplate\Chapter1/chapter1.t
ex
Chapter 1.
LaTeX Font Info:    Font shape `OT1/ptm/bx/n' in size <20.74> not available
(Font)              Font shape `OT1/ptm/b/n' tried instead on input line 1.
LaTeX Font Info:    Font shape `OT1/ptm/bx/n' in size <24.88> not available
(Font)              Font shape `OT1/ptm/b/n' tried instead on input line 1.
) [1


] [2]
(C:\Users\ww3ref\Desktop\dics\dissertation\ResearchTemplate\Chapter2/chapter2.t
ex
Chapter 2.
) [3



]
(C:\Users\ww3ref\Desktop\dics\dissertation\ResearchTemplate\Chapter3/chapter3.t
ex
Chapter 3.
) [4



]
(C:\Users\ww3ref\Desktop\dics\dissertation\ResearchTemplate\Chapter4/chapter4.t
ex
Chapter 4.
) [5



] [6


]
(C:\Users\ww3ref\Desktop\dics\dissertation\ResearchTemplate\Appendix1/appendix1
.tex
Appendix A.
Missing character: There is no Ð in font ptmr7t!
Missing character: There is no Õ in font ptmr7t!
) [7


]
(C:\Users\ww3ref\Desktop\dics\dissertation\ResearchTemplate\Appendix2/appendix2
.tex
Appendix B.
LaTeX Font Info:    Try loading font information for OT1+pcr on input line 7.
("C:\Program Files\tex\tex\latex\psnfss\ot1pcr.fd"
File: ot1pcr.fd 2001/06/04 font definitions for OT1/pcr.
) [8



] [9]) [10]
(C:\Users\ww3ref\Desktop\dics\dissertation\ResearchTemplate\dissertation.bbl
Underfull \hbox (badness 1661) in paragraph at lines 22--24
[]\OT1/ptm/m/n/10.95 Apache Soft-ware Foun-da-tion, ``Apache Li-cense, Ver-sion
 2.0,'' $http : / / www . apache . org /$
 []

) 
AED: lastpage setting LastPage
[11


]
(C:\Users\ww3ref\Desktop\dics\dissertation\ResearchTemplate\dissertation.aux
(C:\Users\ww3ref\Desktop\dics\dissertation\ResearchTemplate\cover.aux)
(C:\Users\ww3ref\Desktop\dics\dissertation\ResearchTemplate\declaration.aux)
(C:\Users\ww3ref\Desktop\dics\dissertation\ResearchTemplate\acknowledgements.au
x) (C:\Users\ww3ref\Desktop\dics\dissertation\ResearchTemplate\abstract.aux)
(C:\Users\ww3ref\Desktop\dics\dissertation\ResearchTemplate\Chapter1/chapter1.a
ux)
(C:\Users\ww3ref\Desktop\dics\dissertation\ResearchTemplate\Chapter2/chapter2.a
ux)
(C:\Users\ww3ref\Desktop\dics\dissertation\ResearchTemplate\Chapter3/chapter3.a
ux)
(C:\Users\ww3ref\Desktop\dics\dissertation\ResearchTemplate\Chapter4/chapter4.a
ux)
(C:\Users\ww3ref\Desktop\dics\dissertation\ResearchTemplate\Appendix1/appendix1
.aux)
(C:\Users\ww3ref\Desktop\dics\dissertation\ResearchTemplate\Appendix2/appendix2
.aux)) ) 
Here is how much of TeX's memory you used:
 2906 strings out of 493921
 40749 string characters out of 3150087
 94685 words of memory out of 3000000
 6061 multiletter control sequences out of 15000+200000
 23872 words of font info for 54 fonts, out of 3000000 for 9000
 841 hyphenation exceptions out of 8191
 34i,10n,45p,557b,401s stack positions out of 5000i,500n,10000p,200000b,50000s
{C:/Program Files/tex/fonts/enc/dvips/fontname/8r.enc}<C:/Program Files
/tex/fonts/type1/public/amsfonts/cm/cmsy10.pfb><C:/Program Files/tex/fonts/type
1/urw/courier/ucrr8a.pfb><C:/Program Files/tex/fonts/type1/urw/times/utmb8a.pfb
><C:/Program Files/tex/fonts/type1/urw/times/utmr8a.pfb><C:/Program Files/tex/f
onts/type1/urw/times/utmr8a.pfb><C:/Program Files/tex/fonts/type1/urw/times/utm
ri8a.pfb>
Output written on dissertation.pdf (18 pages, 109414 bytes).
PDF statistics:
 85 PDF objects out of 1000 (max. 8388607)
 0 named destinations out of 1000 (max. 500000)
 1 words of extra memory for PDF output out of 10000 (max. 10000000)

