This is pdfTeX, Version 3.1415926-2.5-1.40.14 (MiKTeX 2.9 64-bit) (preloaded format=pdflatex 2015.2.2)  4 MAY 2015 03:59
entering extended mode
**dissertation.tex
(C:\Users\ww3ref\Desktop\dics\dissertation\SETemplate\dissertation.tex
LaTeX2e <2011/06/27>
Babel <v3.8m> and hyphenation patterns for english, afrikaans, ancientgreek, ar
abic, armenian, assamese, basque, bengali, bokmal, bulgarian, catalan, coptic, 
croatian, czech, danish, dutch, esperanto, estonian, farsi, finnish, french, ga
lician, german, german-x-2013-05-26, greek, gujarati, hindi, hungarian, iceland
ic, indonesian, interlingua, irish, italian, kannada, kurmanji, latin, latvian,
 lithuanian, malayalam, marathi, mongolian, mongolianlmc, monogreek, ngerman, n
german-x-2013-05-26, nynorsk, oriya, panjabi, pinyin, polish, portuguese, roman
ian, russian, sanskrit, serbian, slovak, slovenian, spanish, swedish, swissgerm
an, tamil, telugu, turkish, turkmen, ukenglish, ukrainian, uppersorbian, usengl
ishmax, welsh, loaded.
("C:\Program Files\tex\tex\latex\base\report.cls"
Document Class: report 2007/10/19 v1.4h Standard LaTeX document class
("C:\Program Files\tex\tex\latex\base\size11.clo"
File: size11.clo 2007/10/19 v1.4h Standard LaTeX file (size option)
)
\c@part=\count79
\c@chapter=\count80
\c@section=\count81
\c@subsection=\count82
\c@subsubsection=\count83
\c@paragraph=\count84
\c@subparagraph=\count85
\c@figure=\count86
\c@table=\count87
\abovecaptionskip=\skip41
\belowcaptionskip=\skip42
\bibindent=\dimen102
)
(C:\Users\ww3ref\Desktop\dics\dissertation\SETemplate\mmp.sty
Package: mmp 

("C:\Program Files\tex\tex\latex\graphics\graphicx.sty"
Package: graphicx 1999/02/16 v1.0f Enhanced LaTeX Graphics (DPC,SPQR)

("C:\Program Files\tex\tex\latex\graphics\keyval.sty"
Package: keyval 1999/03/16 v1.13 key=value parser (DPC)
\KV@toks@=\toks14
)
("C:\Program Files\tex\tex\latex\graphics\graphics.sty"
Package: graphics 2009/02/05 v1.0o Standard LaTeX Graphics (DPC,SPQR)

("C:\Program Files\tex\tex\latex\graphics\trig.sty"
Package: trig 1999/03/16 v1.09 sin cos tan (DPC)
)
("C:\Program Files\tex\tex\latex\00miktex\graphics.cfg"
File: graphics.cfg 2007/01/18 v1.5 graphics configuration of teTeX/TeXLive
)
Package graphics Info: Driver file: pdftex.def on input line 91.

("C:\Program Files\tex\tex\latex\pdftex-def\pdftex.def"
File: pdftex.def 2011/05/27 v0.06d Graphics/color for pdfTeX

("C:\Program Files\tex\tex\generic\oberdiek\infwarerr.sty"
Package: infwarerr 2010/04/08 v1.3 Providing info/warning/error messages (HO)
)
("C:\Program Files\tex\tex\generic\oberdiek\ltxcmds.sty"
Package: ltxcmds 2011/11/09 v1.22 LaTeX kernel commands for general use (HO)
)
\Gread@gobject=\count88
))
\Gin@req@height=\dimen103
\Gin@req@width=\dimen104
)
("C:\Program Files\tex\tex\latex\psnfss\palatino.sty"
Package: palatino 2005/04/12 PSNFSS-v9.2a (SPQR) 
)
("C:\Program Files\tex\tex\latex\carlisle\plain.sty"
Package: plain 1996/04/22 Plain TeX emulation (DPC)
\tabs@latex=\box26
\tabsyet@latex=\box27
\tabsdone@latex=\box28
)
("C:\Program Files\tex\tex\latex\amsmath\amsmath.sty"
Package: amsmath 2013/01/14 v2.14 AMS math features
\@mathmargin=\skip43

For additional information on amsmath, use the `?' option.
("C:\Program Files\tex\tex\latex\amsmath\amstext.sty"
Package: amstext 2000/06/29 v2.01

("C:\Program Files\tex\tex\latex\amsmath\amsgen.sty"
File: amsgen.sty 1999/11/30 v2.0
\@emptytoks=\toks15
\ex@=\dimen105
))
("C:\Program Files\tex\tex\latex\amsmath\amsbsy.sty"
Package: amsbsy 1999/11/29 v1.2d
\pmbraise@=\dimen106
)
("C:\Program Files\tex\tex\latex\amsmath\amsopn.sty"
Package: amsopn 1999/12/14 v2.01 operator names
)
\inf@bad=\count89
LaTeX Info: Redefining \frac on input line 210.
\uproot@=\count90
\leftroot@=\count91
LaTeX Info: Redefining \overline on input line 306.
\classnum@=\count92
\DOTSCASE@=\count93
LaTeX Info: Redefining \ldots on input line 378.
LaTeX Info: Redefining \dots on input line 381.
LaTeX Info: Redefining \cdots on input line 466.
\Mathstrutbox@=\box29
\strutbox@=\box30
\big@size=\dimen107
LaTeX Font Info:    Redeclaring font encoding OML on input line 566.
LaTeX Font Info:    Redeclaring font encoding OMS on input line 567.
\macc@depth=\count94
\c@MaxMatrixCols=\count95
\dotsspace@=\muskip10
\c@parentequation=\count96
\dspbrk@lvl=\count97
\tag@help=\toks16
\row@=\count98
\column@=\count99
\maxfields@=\count100
\andhelp@=\toks17
\eqnshift@=\dimen108
\alignsep@=\dimen109
\tagshift@=\dimen110
\tagwidth@=\dimen111
\totwidth@=\dimen112
\lineht@=\dimen113
\@envbody=\toks18
\multlinegap=\skip44
\multlinetaggap=\skip45
\mathdisplay@stack=\toks19
LaTeX Info: Redefining \[ on input line 2665.
LaTeX Info: Redefining \] on input line 2666.
)
("C:\Program Files\tex\tex\latex\amsfonts\amsfonts.sty"
Package: amsfonts 2013/01/14 v3.01 Basic AMSFonts support
\symAMSa=\mathgroup4
\symAMSb=\mathgroup5
LaTeX Font Info:    Overwriting math alphabet `\mathfrak' in version `bold'
(Font)                  U/euf/m/n --> U/euf/b/n on input line 106.
)
("C:\Program Files\tex\tex\latex\amsfonts\amssymb.sty"
Package: amssymb 2013/01/14 v3.01 AMS font symbols
)
("C:\Program Files\tex\tex\latex\subfigure\subfigure.sty"
Package: subfigure 2002/07/30 v2.1.4 subfigure package
\subfigtopskip=\skip46
\subfigcapskip=\skip47
\subfigcaptopadj=\dimen114
\subfigbottomskip=\skip48
\subfigcapmargin=\dimen115
\subfiglabelskip=\skip49
\c@subfigure=\count101
\c@lofdepth=\count102
\c@subtable=\count103
\c@lotdepth=\count104

****************************************
* Local config file subfigure.cfg used *
****************************************
("C:\Program Files\tex\tex\latex\subfigure\subfigure.cfg")
\subfig@top=\skip50
\subfig@bottom=\skip51
)
("C:\Program Files\tex\tex\latex\float\float.sty"
Package: float 2001/11/08 v1.3d Float enhancements (AL)
\c@float@type=\count105
\float@exts=\toks20
\float@box=\box31
\@float@everytoks=\toks21
\@floatcapt=\box32
)
("C:\Program Files\tex\tex\latex\psnfss\times.sty"
Package: times 2005/04/12 PSNFSS-v9.2a (SPQR) 
)
("C:\Program Files\tex\tex\latex\fancyhdr\fancyhdr.sty"
\fancy@headwidth=\skip52
\f@ncyO@elh=\skip53
\f@ncyO@erh=\skip54
\f@ncyO@olh=\skip55
\f@ncyO@orh=\skip56
\f@ncyO@elf=\skip57
\f@ncyO@erf=\skip58
\f@ncyO@olf=\skip59
\f@ncyO@orf=\skip60
)
("C:\Program Files\tex\tex\latex\lastpage\lastpage.sty"
Package: lastpage 2013/01/28 v1.2l Refers to last page's name (HMM; JPG)
)
("C:\Program Files\tex\tex\latex\url\url.sty"
\Urlmuskip=\muskip11
Package: url 2013/09/16  ver 3.4  Verb mode for urls, etc.
))
("C:\Program Files\tex\tex\latex\cite\cite.sty"
LaTeX Info: Redefining \cite on input line 302.
LaTeX Info: Redefining \nocite on input line 332.
Package: cite 2015/02/27  v 5.5
)
("C:\Program Files\tex\tex\latex\rotating\rotating.sty"
Package: rotating 2009/03/28 v2.16a rotated objects in LaTeX

("C:\Program Files\tex\tex\latex\base\ifthen.sty"
Package: ifthen 2001/05/26 v1.1c Standard LaTeX ifthen package (DPC)
)
\c@r@tfl@t=\count106
\rotFPtop=\skip61
\rotFPbot=\skip62
\rot@float@box=\box33
\rot@mess@toks=\toks22
)
("C:\Program Files\tex\tex\latex\geometry\geometry.sty"
Package: geometry 2010/09/12 v5.6 Page Geometry

("C:\Program Files\tex\tex\generic\oberdiek\ifpdf.sty"
Package: ifpdf 2011/01/30 v2.3 Provides the ifpdf switch (HO)
Package ifpdf Info: pdfTeX in PDF mode is detected.
)
("C:\Program Files\tex\tex\generic\oberdiek\ifvtex.sty"
Package: ifvtex 2010/03/01 v1.5 Detect VTeX and its facilities (HO)
Package ifvtex Info: VTeX not detected.
)
("C:\Program Files\tex\tex\generic\ifxetex\ifxetex.sty"
Package: ifxetex 2010/09/12 v0.6 Provides ifxetex conditional
)
\Gm@cnth=\count107
\Gm@cntv=\count108
\c@Gm@tempcnt=\count109
\Gm@bindingoffset=\dimen116
\Gm@wd@mp=\dimen117
\Gm@odd@mp=\dimen118
\Gm@even@mp=\dimen119
\Gm@layoutwidth=\dimen120
\Gm@layoutheight=\dimen121
\Gm@layouthoffset=\dimen122
\Gm@layoutvoffset=\dimen123
\Gm@dimlist=\toks23

("C:\Program Files\tex\tex\latex\geometry\geometry.cfg"))
("C:\Program Files\tex\tex\latex\algorithmicx\algpseudocode.sty"
Package: algpseudocode 

("C:\Program Files\tex\tex\latex\algorithmicx\algorithmicx.sty"
Package: algorithmicx 2005/04/27 v1.2 Algorithmicx

Document Style algorithmicx 1.2 - a greatly improved `algorithmic' style
\c@ALG@line=\count110
\c@ALG@rem=\count111
\c@ALG@nested=\count112
\ALG@tlm=\skip63
\ALG@thistlm=\skip64
\c@ALG@Lnr=\count113
\c@ALG@blocknr=\count114
\c@ALG@storecount=\count115
\c@ALG@tmpcounter=\count116
\ALG@tmplength=\skip65
)
Document Style - pseudocode environments for use with the `algorithmicx' style
) ("C:\Program Files\tex\tex\latex\listings\listings.sty"
\lst@mode=\count117
\lst@gtempboxa=\box34
\lst@token=\toks24
\lst@length=\count118
\lst@currlwidth=\dimen124
\lst@column=\count119
\lst@pos=\count120
\lst@lostspace=\dimen125
\lst@width=\dimen126
\lst@newlines=\count121
\lst@lineno=\count122
\lst@maxwidth=\dimen127

("C:\Program Files\tex\tex\latex\listings\lstmisc.sty"
File: lstmisc.sty 2014/09/06 1.5e (Carsten Heinz)
\c@lstnumber=\count123
\lst@skipnumbers=\count124
\lst@framebox=\box35
)
("C:\Program Files\tex\tex\latex\listings\listings.cfg"
File: listings.cfg 2014/09/06 1.5e listings configuration
))
Package: listings 2014/09/06 1.5e (Carsten Heinz)

(C:\Users\ww3ref\Desktop\dics\dissertation\SETemplate\dissertation.aux
(C:\Users\ww3ref\Desktop\dics\dissertation\SETemplate\cover.aux)
(C:\Users\ww3ref\Desktop\dics\dissertation\SETemplate\declaration.aux)
(C:\Users\ww3ref\Desktop\dics\dissertation\SETemplate\acknowledgements.aux)
(C:\Users\ww3ref\Desktop\dics\dissertation\SETemplate\abstract.aux)
(C:\Users\ww3ref\Desktop\dics\dissertation\SETemplate\Chapter1/chapter1.aux)
(C:\Users\ww3ref\Desktop\dics\dissertation\SETemplate\Chapter2/chapter2.aux)
(C:\Users\ww3ref\Desktop\dics\dissertation\SETemplate\Chapter3/chapter3.aux)
(C:\Users\ww3ref\Desktop\dics\dissertation\SETemplate\Chapter4/chapter4.aux)
(C:\Users\ww3ref\Desktop\dics\dissertation\SETemplate\Chapter5/chapter5.aux)
(C:\Users\ww3ref\Desktop\dics\dissertation\SETemplate\Appendix1/appendix1.aux)
(C:\Users\ww3ref\Desktop\dics\dissertation\SETemplate\Appendix2/appendix2.aux)
(C:\Users\ww3ref\Desktop\dics\dissertation\SETemplate\tests/test.aux)
(C:\Users\ww3ref\Desktop\dics\dissertation\SETemplate\Requirements/requirement.
aux) (C:\Users\ww3ref\Desktop\dics\dissertation\SETemplate\Design/design.aux))
LaTeX Font Info:    Checking defaults for OML/cmm/m/it on input line 41.
LaTeX Font Info:    ... okay on input line 41.
LaTeX Font Info:    Checking defaults for T1/cmr/m/n on input line 41.
LaTeX Font Info:    ... okay on input line 41.
LaTeX Font Info:    Checking defaults for OT1/cmr/m/n on input line 41.
LaTeX Font Info:    ... okay on input line 41.
LaTeX Font Info:    Checking defaults for OMS/cmsy/m/n on input line 41.
LaTeX Font Info:    ... okay on input line 41.
LaTeX Font Info:    Checking defaults for OMX/cmex/m/n on input line 41.
LaTeX Font Info:    ... okay on input line 41.
LaTeX Font Info:    Checking defaults for U/cmr/m/n on input line 41.
LaTeX Font Info:    ... okay on input line 41.
LaTeX Font Info:    Try loading font information for OT1+ptm on input line 41.

("C:\Program Files\tex\tex\latex\psnfss\ot1ptm.fd"
File: ot1ptm.fd 2001/06/04 font definitions for OT1/ptm.
)
("C:\Program Files\tex\tex\context\base\supp-pdf.mkii"
[Loading MPS to PDF converter (version 2006.09.02).]
\scratchcounter=\count125
\scratchdimen=\dimen128
\scratchbox=\box36
\nofMPsegments=\count126
\nofMParguments=\count127
\everyMPshowfont=\toks25
\MPscratchCnt=\count128
\MPscratchDim=\dimen129
\MPnumerator=\count129
\makeMPintoPDFobject=\count130
\everyMPtoPDFconversion=\toks26
)
Package lastpage Info: Please have a look at the pageslts package at
(lastpage)             http://www.ctan.org/tex-archive/ 
(lastpage)             macros/latex/contrib/pageslts/ 
(lastpage)             or
(lastpage)             http://www.ctan.org/tex-archive/ 
(lastpage)             install/macros/latex/contrib/pageslts.tds.zip
(lastpage)             ! on input line 41.

*geometry* driver: auto-detecting
*geometry* detected driver: pdftex
*geometry* verbose mode - [ preamble ] result:
* driver: pdftex
* paper: a4paper
* layout: <same size as paper>
* layoutoffset:(h,v)=(0.0pt,0.0pt)
* modes: 
* h-part:(L,W,R)=(89.62709pt, 418.25368pt, 89.6271pt)
* v-part:(T,H,B)=(101.40665pt, 591.5302pt, 152.11pt)
* \paperwidth=597.50787pt
* \paperheight=845.04684pt
* \textwidth=418.25368pt
* \textheight=591.5302pt
* \oddsidemargin=17.3571pt
* \evensidemargin=17.3571pt
* \topmargin=-11.06334pt
* \headheight=15.2pt
* \headsep=25.0pt
* \topskip=11.0pt
* \footskip=30.0pt
* \marginparwidth=50.0pt
* \marginparsep=10.0pt
* \columnsep=10.0pt
* \skip\footins=10.0pt plus 4.0pt minus 2.0pt
* \hoffset=0.0pt
* \voffset=0.0pt
* \mag=1000
* \@twocolumnfalse
* \@twosidefalse
* \@mparswitchfalse
* \@reversemarginfalse
* (1in=72.27pt=25.4mm, 1cm=28.453pt)

\c@lstlisting=\count131
(C:\Users\ww3ref\Desktop\dics\dissertation\SETemplate\cover.tex
LaTeX Font Info:    Font shape `OT1/ptm/bx/n' in size <14.4> not available
(Font)              Font shape `OT1/ptm/b/n' tried instead on input line 29.
LaTeX Font Info:    Try loading font information for U+msa on input line 29.

("C:\Program Files\tex\tex\latex\amsfonts\umsa.fd"
File: umsa.fd 2013/01/14 v3.01 AMS symbols A
)
LaTeX Font Info:    Try loading font information for U+msb on input line 29.

("C:\Program Files\tex\tex\latex\amsfonts\umsb.fd"
File: umsb.fd 2013/01/14 v3.01 AMS symbols B
) [0


{C:/Users/ww3ref/AppData/Local/MiKTeX/2.9/pdftex/config/pdftex.map}])
(C:\Users\ww3ref\Desktop\dics\dissertation\SETemplate\declaration.tex
LaTeX Font Info:    Font shape `OT1/ptm/bx/n' in size <17.28> not available
(Font)              Font shape `OT1/ptm/b/n' tried instead on input line 7.

Underfull \hbox (badness 10000) in paragraph at lines 30--31

 []


Underfull \hbox (badness 10000) in paragraph at lines 33--34

 []


Underfull \hbox (badness 10000) in paragraph at lines 53--54

 []


Underfull \hbox (badness 10000) in paragraph at lines 56--57

 []

<thk11-barcode.png, id=8, 202.7575pt x 50.1875pt>
File: thk11-barcode.png Graphic file (type png)
 <use thk11-barcode.png>
Package pdftex.def Info: thk11-barcode.png used on input line 74.
(pdftex.def)             Requested size: 101.3785pt x 25.09367pt.
)
[1


 <C:/Users/ww3ref/Desktop/dics/dissertation/SETemplate/thk11-barcode.png>]
(C:\Users\ww3ref\Desktop\dics\dissertation\SETemplate\acknowledgements.tex)
[2


] (C:\Users\ww3ref\Desktop\dics\dissertation\SETemplate\abstract.tex)
[3


] (C:\Users\ww3ref\Desktop\dics\dissertation\SETemplate\dissertation.toc
LaTeX Font Info:    Font shape `OT1/ptm/bx/n' in size <10.95> not available
(Font)              Font shape `OT1/ptm/b/n' tried instead on input line 1.

[1

] [2] [3])
\tf@toc=\write3
 [4]
(C:\Users\ww3ref\Desktop\dics\dissertation\SETemplate\dissertation.lof)
\tf@lof=\write4

[5] (C:\Users\ww3ref\Desktop\dics\dissertation\SETemplate\dissertation.lot)
\tf@lot=\write5

[6] (C:\Users\ww3ref\Desktop\dics\dissertation\SETemplate\Chapter1/chapter1.tex
Chapter 1.
LaTeX Font Info:    Font shape `OT1/ptm/bx/n' in size <20.74> not available
(Font)              Font shape `OT1/ptm/b/n' tried instead on input line 1.
LaTeX Font Info:    Font shape `OT1/ptm/bx/n' in size <24.88> not available
(Font)              Font shape `OT1/ptm/b/n' tried instead on input line 1.
LaTeX Font Info:    Font shape `OT1/ptm/bx/n' in size <12> not available
(Font)              Font shape `OT1/ptm/b/n' tried instead on input line 4.
[1


] [2] [3] [4] [5] [6] [7]
<Chapter1/process.png, id=62, 2409.0pt x 1382.16376pt>
File: Chapter1/process.png Graphic file (type png)

<use Chapter1/process.png>
Package pdftex.def Info: Chapter1/process.png used on input line 80.
(pdftex.def)             Requested size: 433.6013pt x 248.77873pt.

Overfull \hbox (15.34763pt too wide) in paragraph at lines 80--81
[][] 
 []


Underfull \hbox (badness 10000) in paragraph at lines 80--81

 []


Overfull \hbox (1.04489pt too wide) in paragraph at lines 78--83
[]\OT1/ptm/m/n/10.95 Building by fea-ture meant the ap-pli-ca-tion had mod-ules
 added to it weekly, cre-at-ing a progress
 []


LaTeX Warning: `h' float specifier changed to `ht'.

) [8] [9 <C:/Users/ww3ref/Desktop/dics/dissertation/SETemplate/Chapter1/process
.png>]
(C:\Users\ww3ref\Desktop\dics\dissertation\SETemplate\Chapter2/chapter2.tex
Chapter 2.
[10



] [11] [12] <Chapter2/screen.png, id=81, 1043.9pt x 903.375pt>
File: Chapter2/screen.png Graphic file (type png)

<use Chapter2/screen.png>
Package pdftex.def Info: Chapter2/screen.png used on input line 31.
(pdftex.def)             Requested size: 313.17241pt x 271.01459pt.
 [13 <C:/Users/ww3ref/Desktop/dics/dissertation/SETemplate/Chapter2/screen.png>
] [14] [15] [16]
<Chapter2/class.png, id=96, 2358.8125pt x 2027.575pt>
File: Chapter2/class.png Graphic file (type png)
 <use Chapter2/class.png>
Package pdftex.def Info: Chapter2/class.png used on input line 70.
(pdftex.def)             Requested size: 589.70169pt x 506.89252pt.

Underfull \hbox (badness 10000) in paragraph at lines 70--71

 []

[17] [18 <C:/Users/ww3ref/Desktop/dics/dissertation/SETemplate/Chapter2/class.p
ng>] [19] [20] <Chapter2/flowo.png, id=112, 2714.14pt x 1907.125pt>
File: Chapter2/flowo.png Graphic file (type png)

<use Chapter2/flowo.png>
Package pdftex.def Info: Chapter2/flowo.png used on input line 106.
(pdftex.def)             Requested size: 597.11266pt x 419.5688pt.

Overfull \hbox (5.58246pt too wide) in paragraph at lines 106--107
[][] 
 []


Underfull \hbox (badness 10000) in paragraph at lines 106--107

 []

[21] [22 <C:/Users/ww3ref/Desktop/dics/dissertation/SETemplate/Chapter2/flowo.p
ng>] [23] [24] [25] [26]
<Chapter2/colourone.png, id=133, 567.11874pt x 85.31876pt>
File: Chapter2/colourone.png Graphic file (type png)

<use Chapter2/colourone.png>
Package pdftex.def Info: Chapter2/colourone.png used on input line 269.
(pdftex.def)             Requested size: 283.55867pt x 42.65926pt.

Underfull \hbox (badness 10000) in paragraph at lines 268--270

 []

<Chapter2/colourtwo.png, id=134, 567.11874pt x 85.31876pt>
File: Chapter2/colourtwo.png Graphic file (type png)

<use Chapter2/colourtwo.png>
Package pdftex.def Info: Chapter2/colourtwo.png used on input line 272.
(pdftex.def)             Requested size: 283.55867pt x 42.65926pt.

Underfull \hbox (badness 10000) in paragraph at lines 271--273

 []

<Chapter2/colourthree.png, id=135, 567.11874pt x 85.31876pt>
File: Chapter2/colourthree.png Graphic file (type png)

<use Chapter2/colourthree.png>
Package pdftex.def Info: Chapter2/colourthree.png used on input line 275.
(pdftex.def)             Requested size: 283.55867pt x 42.65926pt.

<Chapter2/textone.png, id=136, 142.5325pt x 71.26625pt>
File: Chapter2/textone.png Graphic file (type png)

<use Chapter2/textone.png>
Package pdftex.def Info: Chapter2/textone.png used on input line 282.
(pdftex.def)             Requested size: 71.26607pt x 35.63303pt.

Underfull \hbox (badness 10000) in paragraph at lines 282--283

 []

<Chapter2/texttwo.png, id=137, 142.5325pt x 71.26625pt>
File: Chapter2/texttwo.png Graphic file (type png)

<use Chapter2/texttwo.png>
Package pdftex.def Info: Chapter2/texttwo.png used on input line 285.
(pdftex.def)             Requested size: 71.26607pt x 35.63303pt.
 [27 <C:/Users/ww3ref/Desktop/dics/dissertation/SETemplate/Chapter2/colourone.p
ng> <C:/Users/ww3ref/Desktop/dics/dissertation/SETemplate/Chapter2/colourtwo.pn
g> <C:/Users/ww3ref/Desktop/dics/dissertation/SETemplate/Chapter2/colourthree.p
ng>]
<Chapter2/themes.png, id=142, 527.0892pt x 348.3414pt>
File: Chapter2/themes.png Graphic file (type png)

<use Chapter2/themes.png>
Package pdftex.def Info: Chapter2/themes.png used on input line 296.
(pdftex.def)             Requested size: 368.95993pt x 243.83731pt.
 [28 <C:/Users/ww3ref/Desktop/dics/dissertation/SETemplate/Chapter2/textone.png
> <C:/Users/ww3ref/Desktop/dics/dissertation/SETemplate/Chapter2/texttwo.png>] 
<Chapter2/crt.png, id=146, 284.5029pt x 378.213pt>
File: Chapter2/crt.png Graphic file (type png)

<use Chapter2/crt.png>
Package pdftex.def Info: Chapter2/crt.png used on input line 315.
(pdftex.def)             Requested size: 142.2511pt x 189.10603pt.
 [29 <C:/Users/ww3ref/Desktop/dics/dissertation/SETemplate/Chapter2/themes.png>
] <Chapter2/rd.png, id=150, 284.5029pt x 378.213pt>
File: Chapter2/rd.png Graphic file (type png)

<use Chapter2/rd.png>
Package pdftex.def Info: Chapter2/rd.png used on input line 322.
(pdftex.def)             Requested size: 142.2511pt x 189.10603pt.
 [30 <C:/Users/ww3ref/Desktop/dics/dissertation/SETemplate/Chapter2/crt.png> <C
:/Users/ww3ref/Desktop/dics/dissertation/SETemplate/Chapter2/rd.png>])
(C:\Users\ww3ref\Desktop\dics\dissertation\SETemplate\Chapter3/chapter3.tex
Chapter 3.
[31



] [32]
Overfull \hbox (2.42519pt too wide) in paragraph at lines 28--29
[]\OT1/ptm/m/n/10.95 Throughout de-vel-op-ment other ap-pli-ca-tions and doc-u-
men-ta-tion were re-viewed which showed
 []

<Chapter3/erratic.png, id=162, 258.9675pt x 405.515pt>
File: Chapter3/erratic.png Graphic file (type png)

<use Chapter3/erratic.png>
Package pdftex.def Info: Chapter3/erratic.png used on input line 35.
(pdftex.def)             Requested size: 129.48341pt x 202.75699pt.
 [33] [34 <C:/Users/ww3ref/Desktop/dics/dissertation/SETemplate/Chapter3/errati
c.png>] [35] [36] [37]
<Chapter2/beforepomt.png, id=179, 284.5029pt x 284.5029pt>
File: Chapter2/beforepomt.png Graphic file (type png)

<use Chapter2/beforepomt.png>
Package pdftex.def Info: Chapter2/beforepomt.png used on input line 97.
(pdftex.def)             Requested size: 142.2511pt x 142.2511pt.

<Chapter2/pomt.png, id=180, 284.5029pt x 284.5029pt>
File: Chapter2/pomt.png Graphic file (type png)
 <use Chapter2/pomt.png>
Package pdftex.def Info: Chapter2/pomt.png used on input line 101.
(pdftex.def)             Requested size: 142.2511pt x 142.2511pt.

[38 <C:/Users/ww3ref/Desktop/dics/dissertation/SETemplate/Chapter2/beforepomt.p
ng>] [39 <C:/Users/ww3ref/Desktop/dics/dissertation/SETemplate/Chapter2/pomt.pn
g>] [40] <Chapter3/fakeview.png, id=191, 248.93pt x 349.305pt>
File: Chapter3/fakeview.png Graphic file (type png)

<use Chapter3/fakeview.png>
Package pdftex.def Info: Chapter3/fakeview.png used on input line 132.
(pdftex.def)             Requested size: 199.14426pt x 279.44437pt.
 [41] [42 <C:/Users/ww3ref/Desktop/dics/dissertation/SETemplate/Chapter3/fakevi
ew.png>]) [43]
(C:\Users\ww3ref\Desktop\dics\dissertation\SETemplate\Chapter4/chapter4.tex
Chapter 4.
[44



] <Chapter4/unit.png, id=205, 676.5275pt x 423.5825pt>
File: Chapter4/unit.png Graphic file (type png)

<use Chapter4/unit.png>
Package pdftex.def Info: Chapter4/unit.png used on input line 20.
(pdftex.def)             Requested size: 338.26291pt x 211.79073pt.
 [45 <C:/Users/ww3ref/Desktop/dics/dissertation/SETemplate/Chapter4/unit.png>] 
<Chapter4/monkey.png, id=211, 682.55pt x 496.85625pt>
File: Chapter4/monkey.png Graphic file (type png)

<use Chapter4/monkey.png>
Package pdftex.def Info: Chapter4/monkey.png used on input line 31.
(pdftex.def)             Requested size: 341.27417pt x 248.4275pt.
 [46 <C:/Users/ww3ref/Desktop/dics/dissertation/SETemplate/Chapter4/monkey.png>
]) [47]
(C:\Users\ww3ref\Desktop\dics\dissertation\SETemplate\Chapter5/chapter5.tex
Chapter 5.
[48



] [49] [50] [51]) [52] [53


]
(C:\Users\ww3ref\Desktop\dics\dissertation\SETemplate\Appendix1/appendix1.tex
Appendix A.

Overfull \hbox (74.5003pt too wide) in paragraph at lines 6--7
[][][][][][][][][][][][][][][][][][][][][][][][][][][] 
 []

LaTeX Font Info:    Try loading font information for OMS+ptm on input line 7.
("C:\Program Files\tex\tex\latex\psnfss\omsptm.fd"
File: omsptm.fd 
)
LaTeX Font Info:    Font shape `OMS/ptm/m/n' in size <10.95> not available
(Font)              Font shape `OMS/cmsy/m/n' tried instead on input line 7.

Overfull \hbox (28.50993pt too wide) in paragraph at lines 13--14
[][][][][][][][][][][][][][][][][][][][][][][][][][][][][][] 
 []


Overfull \hbox (28.50993pt too wide) in paragraph at lines 15--16
[][][][][][][][][][][][][][][][][][][][][][][][][][] 
 []

[54


]
LaTeX Font Info:    Try loading font information for OML+ptm on input line 31.
 ("C:\Program Files\tex\tex\latex\psnfss\omlptm.fd"
File: omlptm.fd 
)
LaTeX Font Info:    Font shape `OML/ptm/m/n' in size <10.95> not available
(Font)              Font shape `OML/cmm/m/it' tried instead on input line 31.

Overfull \hbox (41.65004pt too wide) in paragraph at lines 32--33
[][][][][][][][][][][][][][][][][][][][][][][][][] 
 []


Overfull \hbox (28.50993pt too wide) in paragraph at lines 36--37
[][][][][][][][][][][][][][][][][][][][][] 
 []


Overfull \hbox (61.3602pt too wide) in paragraph at lines 37--38
[][][][][][][][][][][][][][][][][][][][][] 
 []


Overfull \hbox (28.50993pt too wide) in paragraph at lines 44--45
[][][][][][][][][][][][][][][][][][][][][] 
 []


Overfull \hbox (28.50993pt too wide) in paragraph at lines 51--52
[][][][][][][][][][][][][][][][][][][][][] 
 []


Overfull \hbox (61.3602pt too wide) in paragraph at lines 52--53
[][][][][][][][][][][][][][][][][][][][][] 
 []


Overfull \hbox (41.65004pt too wide) in paragraph at lines 58--59
[][][][][][][][][][][][][][][][][][][][][] 
 []


Overfull \hbox (74.5003pt too wide) in paragraph at lines 67--68
[][][][][][][][][][][][][][][][][][] 
 []

) [55]
(C:\Users\ww3ref\Desktop\dics\dissertation\SETemplate\Appendix2/appendix2.tex
Appendix B.

Overfull \hbox (41.65004pt too wide) in paragraph at lines 20--21
[][][][][][][][][][][][][][][][][][][][] 
 []


Overfull \hbox (94.21046pt too wide) in paragraph at lines 21--22
[][][][][][][][][][][][][][][][][][][][][][] 
 []

[56



]
Overfull \hbox (8.79977pt too wide) in paragraph at lines 50--53
[][][][][][][][][][][][][][][][][][] 
 []


Overfull \hbox (8.79977pt too wide) in paragraph at lines 61--62
[][][][][][][][][][][][][][][][][][][][][][][] 
 []


Overfull \hbox (35.07999pt too wide) in paragraph at lines 62--65
[][][][][][][][][][][][][][][][][][][] 
 []


Overfull \hbox (15.36983pt too wide) in paragraph at lines 65--66
[][][][][][][][][][][][][][][][][][][][][] 
 []


Overfull \hbox (8.79977pt too wide) in paragraph at lines 67--68
[][][][][][][][][][][][][][][][][][][][][][][][][][][] 
 []

[57]
Overfull \hbox (2.22972pt too wide) in paragraph at lines 77--78
[][][][][][][][][][][][][][][][] 
 []


Overfull \hbox (81.07036pt too wide) in paragraph at lines 79--80
[][][][][][][][][][][][][][][][][][][][][][] 
 []


Overfull \hbox (15.36983pt too wide) in paragraph at lines 81--82
[][][][][][][][][][][][][][][][][][] 
 []


Overfull \hbox (61.3602pt too wide) in paragraph at lines 83--85
[][][][][][][][][][][][][][][][][][][][][][] 
 []


Overfull \hbox (8.79977pt too wide) in paragraph at lines 91--92
[][][][][][][][][][][][][][][][] 
 []

) [58] (C:\Users\ww3ref\Desktop\dics\dissertation\SETemplate\tests/test.tex
Appendix C.

Overfull \hbox (70.12662pt too wide) in paragraph at lines 4--18
[][] 
 []

[59



]
Overfull \hbox (24.57655pt too wide) in paragraph at lines 23--31
[][] 
 []


Overfull \hbox (59.90045pt too wide) in paragraph at lines 36--61
[][] 
 []

[60]
Overfull \hbox (69.76588pt too wide) in paragraph at lines 67--88
[][] 
 []

[61]) [62]
(C:\Users\ww3ref\Desktop\dics\dissertation\SETemplate\Requirements/requirement.
tex
Appendix D.
[63



] [64] [65] [66] [67] [68] [69] [70]) [71]
(C:\Users\ww3ref\Desktop\dics\dissertation\SETemplate\Design/design.tex
Appendix E.
(C:\Users\ww3ref\Desktop\dics\dissertation\SETemplate\dissertation.toc)
\tf@toc=\write6

[72



] [73] [74] [75] [76] [77] [78]
Overfull \hbox (4.08488pt too wide) in paragraph at lines 105--114
[][] 
 []

[79] [80] [81] [82] [83]
*geometry* verbose mode - [ newgeometry ] result:
* driver: pdftex
* paper: a4paper
* layout: <same size as paper>
* layoutoffset:(h,v)=(0.0pt,0.0pt)
* modes: 
* h-part:(L,W,R)=(85.35826pt, 503.61371pt, 8.5359pt)
* v-part:(T,H,B)=(8.5359pt, 751.15268pt, 85.35826pt)
* \paperwidth=597.50787pt
* \paperheight=845.04684pt
* \textwidth=503.61371pt
* \textheight=751.15268pt
* \oddsidemargin=13.08827pt
* \evensidemargin=13.08827pt
* \topmargin=-103.93408pt
* \headheight=15.2pt
* \headsep=25.0pt
* \topskip=11.0pt
* \footskip=30.0pt
* \marginparwidth=50.0pt
* \marginparsep=10.0pt
* \columnsep=10.0pt
* \skip\footins=10.0pt plus 4.0pt minus 2.0pt
* \hoffset=0.0pt
* \voffset=0.0pt
* \mag=1000
* \@twocolumnfalse
* \@twosidefalse
* \@mparswitchfalse
* \@reversemarginfalse
* (1in=72.27pt=25.4mm, 1cm=28.453pt)

 <Design/Flow.png, id=332, 2543.5025pt x 1907.125pt>
File: Design/Flow.png Graphic file (type png)

<use Design/Flow.png>
Package pdftex.def Info: Design/Flow.png used on input line 249.
(pdftex.def)             Requested size: 610.45308pt x 457.71936pt.
 [84 <C:/Users/ww3ref/Desktop/dics/dissertation/SETemplate/Design/Flow.png>] <D
esign/Class.png, id=337, 2378.8875pt x 1656.1875pt>
File: Design/Class.png Graphic file (type png)

<use Design/Class.png>
Package pdftex.def Info: Design/Class.png used on input line 273.
(pdftex.def)             Requested size: 594.72043pt x 414.04587pt.

Overfull \hbox (3.19023pt too wide) in paragraph at lines 273--274
[][] 
 []

[85


] [86] [87 <C:/Users/ww3ref/Desktop/dics/dissertation/SETemplate/Design/Class.p
ng>] <Design/Menu.png, id=349, 257.0403pt x 375.804pt>
File: Design/Menu.png Graphic file (type png)

<use Design/Menu.png>
Package pdftex.def Info: Design/Menu.png used on input line 283.
(pdftex.def)             Requested size: 154.22537pt x 225.48413pt.

Underfull \hbox (badness 10000) in paragraph at lines 283--284

 []

[88 <C:/Users/ww3ref/Desktop/dics/dissertation/SETemplate/Design/Menu.png>]
<Design/Help.png, id=354, 257.0403pt x 375.804pt>
File: Design/Help.png Graphic file (type png)
 <use Design/Help.png>
Package pdftex.def Info: Design/Help.png used on input line 292.
(pdftex.def)             Requested size: 154.22537pt x 225.48413pt.

Underfull \hbox (badness 10000) in paragraph at lines 292--293

 []

[89 <C:/Users/ww3ref/Desktop/dics/dissertation/SETemplate/Design/Help.png>]
<Design/Display.png, id=359, 257.0403pt x 375.804pt>
File: Design/Display.png Graphic file (type png)
 <use Design/Display.png>
Package pdftex.def Info: Design/Display.png used on input line 299.
(pdftex.def)             Requested size: 154.22537pt x 225.48413pt.

Underfull \hbox (badness 10000) in paragraph at lines 299--300

 []

[90 <C:/Users/ww3ref/Desktop/dics/dissertation/SETemplate/Design/Display.png>]
<Design/Plot.png, id=364, 257.0403pt x 375.804pt>
File: Design/Plot.png Graphic file (type png)
 <use Design/Plot.png>
Package pdftex.def Info: Design/Plot.png used on input line 306.
(pdftex.def)             Requested size: 154.22537pt x 225.48413pt.

Underfull \hbox (badness 10000) in paragraph at lines 306--307

 []

[91 <C:/Users/ww3ref/Desktop/dics/dissertation/SETemplate/Design/Plot.png>]
<Design/Route.png, id=369, 257.0403pt x 375.804pt>
File: Design/Route.png Graphic file (type png)
 <use Design/Route.png>
Package pdftex.def Info: Design/Route.png used on input line 313.
(pdftex.def)             Requested size: 154.22537pt x 225.48413pt.

Underfull \hbox (badness 10000) in paragraph at lines 313--314

 []

[92 <C:/Users/ww3ref/Desktop/dics/dissertation/SETemplate/Design/Route.png>]
<Design/Choose.png, id=374, 257.0403pt x 375.804pt>
File: Design/Choose.png Graphic file (type png)
 <use Design/Choose.png>
Package pdftex.def Info: Design/Choose.png used on input line 320.
(pdftex.def)             Requested size: 154.22537pt x 225.48413pt.

Underfull \hbox (badness 10000) in paragraph at lines 320--321

 []

) [93 <C:/Users/ww3ref/Desktop/dics/dissertation/SETemplate/Design/Choose.png>]
(C:\Users\ww3ref\Desktop\dics\dissertation\SETemplate\dissertation.bbl
Underfull \hbox (badness 3323) in paragraph at lines 22--24
[]\OT1/ptm/m/n/10.95 Aberystwyth Uni-ver-sity, ``Ac-cess Aber,'' $http : / / ww
w . dcs . aber . ac . uk / []nst / accessaber/$,
 []


Underfull \hbox (badness 2635) in paragraph at lines 29--32
[]\OT1/ptm/m/n/10.95 Amit Pa-tel, ``A* In-for-ma-tion.'' $http : / / theory . s
tanford . edu / []amitp / GameProgramming /$
 []


Underfull \hbox (badness 5832) in paragraph at lines 36--39
[]\OT1/ptm/m/n/10.95 ------, ``Map Rep-re-sen-ta-tions,'' $http : / / theory . 
stanford . edu / []amitp / GameProgramming /$
 []

[94


]
Underfull \hbox (badness 7649) in paragraph at lines 77--79
[]\OT1/ptm/m/n/10.95 ------, ``Data Stor-age in An-droid,'' $http : / / develop
er . android . com / guide / topics / data /$
 []


Underfull \hbox (badness 3029) in paragraph at lines 91--93
[]\OT1/ptm/m/n/10.95 ------, ``El-e-va-tion API,'' $https : / / developers . go
ogle . com / maps / documentation / elevation/$,
 []


Underfull \hbox (badness 3503) in paragraph at lines 98--100
[]\OT1/ptm/m/n/10.95 ------, ``Google Di-rec-tions API,'' $https : / / develope
rs . google . com / maps / documentation /$
 []


Underfull \hbox (badness 10000) in paragraph at lines 110--112
[]\OT1/ptm/m/n/10.95 ------, ``Google Maps An-droid API v2,'' $https : / / deve
lopers . google . com / maps /$
 []


Underfull \hbox (badness 6428) in paragraph at lines 118--121
[]\OT1/ptm/m/n/10.95 ------, ``Google Ma-te-rial De-sign Guide-lines,'' $http :
 / / www . google . com / design / spec /$
 []

[95]
Underfull \hbox (badness 10000) in paragraph at lines 126--129
[]\OT1/ptm/m/n/10.95 ------, ``GoogleMap Ob-ject Doc-u-men-ta-tion - set-Lo-ca-
tio-nEn-abled,'' $http :$
 []


Underfull \hbox (badness 10000) in paragraph at lines 126--129
$\OT1/ptm/m/n/10.95 / / developer . android . com / reference / com / google / 
android / gms / maps / GoogleMap . html #$
 []


Underfull \hbox (badness 3439) in paragraph at lines 141--144
[]\OT1/ptm/m/n/10.95 ------, ``Poly Line in-for-ma-tion.'' $https : / / develop
er . android . com / reference / com / google /$
 []


Underfull \hbox (badness 1038) in paragraph at lines 149--151
[]\OT1/ptm/m/n/10.95 Gradle Inc, ``Gra-dle User Guide,'' $https : / / gradle . 
org / docs / current / userguide / userguide$,
 []


Underfull \hbox (badness 10000) in paragraph at lines 155--158
[]\OT1/ptm/m/n/10.95 Khan Academy, ``Uses and de-scrip-tion of BFS,'' $https : 
/ / www .$
 []


Underfull \hbox (badness 10000) in paragraph at lines 155--158
$\OT1/ptm/m/n/10.95 khanacademy . org / computing / computer-[]science / algori
thms / breadth-[]rst-[]search / a /$
 []

[96]
Underfull \hbox (badness 4096) in paragraph at lines 205--208
[]\OT1/ptm/m/n/10.95 ------, ``Ex-ter-nal Stor-age check code,'' $http : / / st
ackoverow . com / questions / 7616974 /$
 []


Underfull \hbox (badness 2229) in paragraph at lines 213--216
[]\OT1/ptm/m/n/10.95 ------, ``Great Cir-cle Dis-tance - Java So-lu-tion,'' $ht
tp : / / stackoverow . com / questions /$
 []


Overfull \hbox (8.33446pt too wide) in paragraph at lines 213--216
$\OT1/ptm/m/n/10.95 3694380 / calculating-[]distance-[]between-[]two-[]points-[
]using-[]latitude-[]longitude-[]what-[]am-[]i-[]doi$,
 []


Underfull \hbox (badness 3769) in paragraph at lines 221--223
[]\OT1/ptm/m/n/10.95 U.S. Gov-ern-ment, ``GPS Per-for-mance Ac-cu-racy,'' $http
 : / / www . gps . gov / systems / gps /$
 []

) 
AED: lastpage setting LastPage
[97] (C:\Users\ww3ref\Desktop\dics\dissertation\SETemplate\dissertation.aux
(C:\Users\ww3ref\Desktop\dics\dissertation\SETemplate\cover.aux)
(C:\Users\ww3ref\Desktop\dics\dissertation\SETemplate\declaration.aux)
(C:\Users\ww3ref\Desktop\dics\dissertation\SETemplate\acknowledgements.aux)
(C:\Users\ww3ref\Desktop\dics\dissertation\SETemplate\abstract.aux)
(C:\Users\ww3ref\Desktop\dics\dissertation\SETemplate\Chapter1/chapter1.aux)
(C:\Users\ww3ref\Desktop\dics\dissertation\SETemplate\Chapter2/chapter2.aux)
(C:\Users\ww3ref\Desktop\dics\dissertation\SETemplate\Chapter3/chapter3.aux)
(C:\Users\ww3ref\Desktop\dics\dissertation\SETemplate\Chapter4/chapter4.aux)
(C:\Users\ww3ref\Desktop\dics\dissertation\SETemplate\Chapter5/chapter5.aux)
(C:\Users\ww3ref\Desktop\dics\dissertation\SETemplate\Appendix1/appendix1.aux)
(C:\Users\ww3ref\Desktop\dics\dissertation\SETemplate\Appendix2/appendix2.aux)
(C:\Users\ww3ref\Desktop\dics\dissertation\SETemplate\tests/test.aux)
(C:\Users\ww3ref\Desktop\dics\dissertation\SETemplate\Requirements/requirement.
aux) (C:\Users\ww3ref\Desktop\dics\dissertation\SETemplate\Design/design.aux)) 
) 
Here is how much of TeX's memory you used:
 5406 strings out of 493921
 78948 string characters out of 3150087
 167408 words of memory out of 3000000
 8450 multiletter control sequences out of 15000+200000
 28089 words of font info for 59 fonts, out of 3000000 for 9000
 841 hyphenation exceptions out of 8191
 34i,14n,45p,1472b,1501s stack positions out of 5000i,500n,10000p,200000b,50000s
{C:/Program Files/tex/fonts/enc/dvips/fontname/8r.enc}<C:/Program Files/tex/fo
nts/type1/public/amsfonts/cm/cmmi10.pfb><C:/Program Files/tex/fonts/type1/publi
c/amsfonts/cm/cmr10.pfb><C:/Program Files/tex/fonts/type1/public/amsfonts/cm/cm
sy10.pfb><C:/Program Files/tex/fonts/type1/public/amsfonts/cm/cmsy8.pfb><C:/Pro
gram Files/tex/fonts/type1/urw/times/utmb8a.pfb><C:/Program Files/tex/fonts/typ
e1/urw/times/utmr8a.pfb><C:/Program Files/tex/fonts/type1/urw/times/utmr8a.pfb>
<C:/Program Files/tex/fonts/type1/urw/times/utmri8a.pfb>
Output written on dissertation.pdf (107 pages, 2365959 bytes).
PDF statistics:
 423 PDF objects out of 1000 (max. 8388607)
 0 named destinations out of 1000 (max. 500000)
 136 words of extra memory for PDF output out of 10000 (max. 10000000)

